<?xml version="1.0" encoding="UTF-8"?>
<!-- Generated by org.testng.reporters.JUnitReportReporter -->
<testsuite skipped="0" hostname="Tugba-MBP.fios-router.home" name="tests.Invocation" tests="15" failures="0" timestamp="2020-08-15T11:43:55 EDT" time="0.035" errors="0">
  <testcase name="createUserTest" time="0.003" classname="tests.Invocation"/>
  <system-out/>
  <testcase name="createUserTest" time="0.001" classname="tests.Invocation"/>
  <system-out/>
  <testcase name="createUserTest" time="0.001" classname="tests.Invocation"/>
  <system-out/>
  <testcase name="createUserTest" time="0.001" classname="tests.Invocation"/>
  <system-out/>
  <testcase name="createUserTest" time="0.002" classname="tests.Invocation"/>
  <system-out/>
  <testcase name="createUser2" time="0.015" classname="tests.Invocation"/>
  <system-out/>
  <testcase name="createUserTest" time="0.001" classname="tests.Invocation"/>
  <system-out/>
  <testcase name="createUser2" time="0.002" classname="tests.Invocation"/>
  <system-out/>
  <testcase name="createUserTest" time="0.001" classname="tests.Invocation"/>
  <system-out/>
  <testcase name="createUser2" time="0.002" classname="tests.Invocation"/>
  <system-out/>
  <testcase name="createUser2" time="0.001" classname="tests.Invocation"/>
  <system-out/>
  <testcase name="createUser2" time="0.001" classname="tests.Invocation"/>
  <system-out/>
  <testcase name="createUserTest" time="0.002" classname="tests.Invocation"/>
  <system-out/>
  <testcase name="createUserTest" time="0.001" classname="tests.Invocation"/>
  <system-out/>
  <testcase name="createUserTest" time="0.001" classname="tests.Invocation"/>
  <system-out/>
</testsuite> <!-- tests.Invocation -->
