<?xml version="1.0" encoding="UTF-8"?>
<!-- Generated by org.testng.reporters.JUnitReportReporter -->
<testsuite skipped="0" hostname="Tugba-MBP.fios-router.home" name="tests.Enabled" tests="4" failures="0" timestamp="2020-08-15T11:39:53 EDT" time="0.022" errors="0">
  <testcase name="dTest" time="0.015" classname="tests.Enabled"/>
  <system-out/>
  <testcase name="aTest" time="0.001" classname="tests.Enabled"/>
  <system-out/>
  <testcase name="cTest" time="0.001" classname="tests.Enabled"/>
  <system-out/>
  <testcase name="bTest" time="0.005" classname="tests.Enabled"/>
  <system-out/>
</testsuite> <!-- tests.Enabled -->
