<?xml version="1.0" encoding="UTF-8"?>
<!-- Generated by org.testng.reporters.JUnitReportReporter -->
<testsuite skipped="0" hostname="Tugba-MBP.fios-router.home" name="tests.LoginPageTest" tests="1" failures="0" timestamp="2020-08-15T11:52:08 EDT" time="9.723" errors="0">
  <testcase name="logintest" time="9.723" classname="tests.LoginPageTest"/>
  <system-out/>
</testsuite> <!-- tests.LoginPageTest -->
